  assignment_6_5.cpp
C:\Users\Wesley Roberts\Documents\Homework\CS - 330\FinalProject\OpenGLSample\OpenGLSample\shader.h(57,34): warning C4101: 'e': unreferenced local variable
  (compiling source file 'assignment_6_5.cpp')
  
C:\Users\Wesley Roberts\Documents\Homework\CS - 330\FinalProject\OpenGLSample\OpenGLSample\assignment_6_5.cpp(387,28): warning C4244: 'initializing': conversion from 'double' to 'float', possible loss of data
C:\Users\Wesley Roberts\Documents\Homework\CS - 330\FinalProject\OpenGLSample\OpenGLSample\assignment_6_5.cpp(474,17): warning C4305: 'return': truncation from 'int' to 'bool'
C:\Users\Wesley Roberts\Documents\Homework\CS - 330\FinalProject\OpenGLSample\OpenGLSample\assignment_6_5.cpp(527,18): warning C4244: '=': conversion from 'double' to 'float', possible loss of data
C:\Users\Wesley Roberts\Documents\Homework\CS - 330\FinalProject\OpenGLSample\OpenGLSample\assignment_6_5.cpp(528,18): warning C4244: '=': conversion from 'double' to 'float', possible loss of data
C:\Users\Wesley Roberts\Documents\Homework\CS - 330\FinalProject\OpenGLSample\OpenGLSample\assignment_6_5.cpp(532,19): warning C4244: 'initializing': conversion from 'double' to 'float', possible loss of data
C:\Users\Wesley Roberts\Documents\Homework\CS - 330\FinalProject\OpenGLSample\OpenGLSample\assignment_6_5.cpp(533,19): warning C4244: 'initializing': conversion from 'double' to 'float', possible loss of data
C:\Users\Wesley Roberts\Documents\Homework\CS - 330\FinalProject\OpenGLSample\OpenGLSample\assignment_6_5.cpp(535,14): warning C4244: '=': conversion from 'double' to 'float', possible loss of data
C:\Users\Wesley Roberts\Documents\Homework\CS - 330\FinalProject\OpenGLSample\OpenGLSample\assignment_6_5.cpp(536,14): warning C4244: '=': conversion from 'double' to 'float', possible loss of data
C:\Users\Wesley Roberts\Documents\Homework\CS - 330\FinalProject\OpenGLSample\OpenGLSample\assignment_6_5.cpp(546,32): warning C4244: 'argument': conversion from 'double' to 'float', possible loss of data
C:\Users\Wesley Roberts\Documents\Homework\CS - 330\FinalProject\OpenGLSample\OpenGLSample\assignment_6_5.cpp(1291,30): warning C4305: 'initializing': truncation from 'double' to 'GLfloat'
C:\Users\Wesley Roberts\Documents\Homework\CS - 330\FinalProject\OpenGLSample\OpenGLSample\assignment_6_5.cpp(1291,36): warning C4305: 'initializing': truncation from 'double' to 'GLfloat'
C:\Users\Wesley Roberts\Documents\Homework\CS - 330\FinalProject\OpenGLSample\OpenGLSample\assignment_6_5.cpp(1292,30): warning C4305: 'initializing': truncation from 'double' to 'GLfloat'
C:\Users\Wesley Roberts\Documents\Homework\CS - 330\FinalProject\OpenGLSample\OpenGLSample\assignment_6_5.cpp(1292,36): warning C4305: 'initializing': truncation from 'double' to 'GLfloat'
C:\Users\Wesley Roberts\Documents\Homework\CS - 330\FinalProject\OpenGLSample\OpenGLSample\assignment_6_5.cpp(1293,29): warning C4305: 'initializing': truncation from 'double' to 'GLfloat'
C:\Users\Wesley Roberts\Documents\Homework\CS - 330\FinalProject\OpenGLSample\OpenGLSample\assignment_6_5.cpp(1293,35): warning C4305: 'initializing': truncation from 'double' to 'GLfloat'
C:\Users\Wesley Roberts\Documents\Homework\CS - 330\FinalProject\OpenGLSample\OpenGLSample\assignment_6_5.cpp(1294,30): warning C4305: 'initializing': truncation from 'double' to 'GLfloat'
C:\Users\Wesley Roberts\Documents\Homework\CS - 330\FinalProject\OpenGLSample\OpenGLSample\assignment_6_5.cpp(1294,36): warning C4305: 'initializing': truncation from 'double' to 'GLfloat'
C:\Users\Wesley Roberts\Documents\Homework\CS - 330\FinalProject\OpenGLSample\OpenGLSample\assignment_6_5.cpp(1295,30): warning C4305: 'initializing': truncation from 'double' to 'GLfloat'
C:\Users\Wesley Roberts\Documents\Homework\CS - 330\FinalProject\OpenGLSample\OpenGLSample\assignment_6_5.cpp(1295,36): warning C4305: 'initializing': truncation from 'double' to 'GLfloat'
C:\Users\Wesley Roberts\Documents\Homework\CS - 330\FinalProject\OpenGLSample\OpenGLSample\assignment_6_5.cpp(1296,29): warning C4305: 'initializing': truncation from 'double' to 'GLfloat'
C:\Users\Wesley Roberts\Documents\Homework\CS - 330\FinalProject\OpenGLSample\OpenGLSample\assignment_6_5.cpp(1297,30): warning C4305: 'initializing': truncation from 'double' to 'GLfloat'
C:\Users\Wesley Roberts\Documents\Homework\CS - 330\FinalProject\OpenGLSample\OpenGLSample\assignment_6_5.cpp(1297,36): warning C4305: 'initializing': truncation from 'double' to 'GLfloat'
C:\Users\Wesley Roberts\Documents\Homework\CS - 330\FinalProject\OpenGLSample\OpenGLSample\assignment_6_5.cpp(1298,30): warning C4305: 'initializing': truncation from 'double' to 'GLfloat'
C:\Users\Wesley Roberts\Documents\Homework\CS - 330\FinalProject\OpenGLSample\OpenGLSample\assignment_6_5.cpp(1298,36): warning C4305: 'initializing': truncation from 'double' to 'GLfloat'
C:\Users\Wesley Roberts\Documents\Homework\CS - 330\FinalProject\OpenGLSample\OpenGLSample\assignment_6_5.cpp(1300,30): warning C4305: 'initializing': truncation from 'double' to 'GLfloat'
C:\Users\Wesley Roberts\Documents\Homework\CS - 330\FinalProject\OpenGLSample\OpenGLSample\assignment_6_5.cpp(1300,36): warning C4305: 'initializing': truncation from 'double' to 'GLfloat'
C:\Users\Wesley Roberts\Documents\Homework\CS - 330\FinalProject\OpenGLSample\OpenGLSample\assignment_6_5.cpp(1301,30): warning C4305: 'initializing': truncation from 'double' to 'GLfloat'
C:\Users\Wesley Roberts\Documents\Homework\CS - 330\FinalProject\OpenGLSample\OpenGLSample\assignment_6_5.cpp(1301,36): warning C4305: 'initializing': truncation from 'double' to 'GLfloat'
C:\Users\Wesley Roberts\Documents\Homework\CS - 330\FinalProject\OpenGLSample\OpenGLSample\assignment_6_5.cpp(1302,30): warning C4305: 'initializing': truncation from 'double' to 'GLfloat'
C:\Users\Wesley Roberts\Documents\Homework\CS - 330\FinalProject\OpenGLSample\OpenGLSample\assignment_6_5.cpp(1303,30): warning C4305: 'initializing': truncation from 'double' to 'GLfloat'
C:\Users\Wesley Roberts\Documents\Homework\CS - 330\FinalProject\OpenGLSample\OpenGLSample\assignment_6_5.cpp(1303,36): warning C4305: 'initializing': truncation from 'double' to 'GLfloat'
C:\Users\Wesley Roberts\Documents\Homework\CS - 330\FinalProject\OpenGLSample\OpenGLSample\assignment_6_5.cpp(1304,30): warning C4305: 'initializing': truncation from 'double' to 'GLfloat'
C:\Users\Wesley Roberts\Documents\Homework\CS - 330\FinalProject\OpenGLSample\OpenGLSample\assignment_6_5.cpp(1304,36): warning C4305: 'initializing': truncation from 'double' to 'GLfloat'
C:\Users\Wesley Roberts\Documents\Homework\CS - 330\FinalProject\OpenGLSample\OpenGLSample\assignment_6_5.cpp(1305,30): warning C4305: 'initializing': truncation from 'double' to 'GLfloat'
C:\Users\Wesley Roberts\Documents\Homework\CS - 330\FinalProject\OpenGLSample\OpenGLSample\assignment_6_5.cpp(1305,36): warning C4305: 'initializing': truncation from 'double' to 'GLfloat'
C:\Users\Wesley Roberts\Documents\Homework\CS - 330\FinalProject\OpenGLSample\OpenGLSample\assignment_6_5.cpp(1306,30): warning C4305: 'initializing': truncation from 'double' to 'GLfloat'
C:\Users\Wesley Roberts\Documents\Homework\CS - 330\FinalProject\OpenGLSample\OpenGLSample\assignment_6_5.cpp(1306,36): warning C4305: 'initializing': truncation from 'double' to 'GLfloat'
C:\Users\Wesley Roberts\Documents\Homework\CS - 330\FinalProject\OpenGLSample\OpenGLSample\assignment_6_5.cpp(1307,30): warning C4305: 'initializing': truncation from 'double' to 'GLfloat'
C:\Users\Wesley Roberts\Documents\Homework\CS - 330\FinalProject\OpenGLSample\OpenGLSample\assignment_6_5.cpp(1307,35): warning C4305: 'initializing': truncation from 'double' to 'GLfloat'
C:\Users\Wesley Roberts\Documents\Homework\CS - 330\FinalProject\OpenGLSample\OpenGLSample\assignment_6_5.cpp(1309,30): warning C4305: 'initializing': truncation from 'double' to 'GLfloat'
C:\Users\Wesley Roberts\Documents\Homework\CS - 330\FinalProject\OpenGLSample\OpenGLSample\assignment_6_5.cpp(1309,36): warning C4305: 'initializing': truncation from 'double' to 'GLfloat'
C:\Users\Wesley Roberts\Documents\Homework\CS - 330\FinalProject\OpenGLSample\OpenGLSample\assignment_6_5.cpp(1310,30): warning C4305: 'initializing': truncation from 'double' to 'GLfloat'
C:\Users\Wesley Roberts\Documents\Homework\CS - 330\FinalProject\OpenGLSample\OpenGLSample\assignment_6_5.cpp(1310,36): warning C4305: 'initializing': truncation from 'double' to 'GLfloat'
C:\Users\Wesley Roberts\Documents\Homework\CS - 330\FinalProject\OpenGLSample\OpenGLSample\assignment_6_5.cpp(1311,35): warning C4305: 'initializing': truncation from 'double' to 'GLfloat'
C:\Users\Wesley Roberts\Documents\Homework\CS - 330\FinalProject\OpenGLSample\OpenGLSample\assignment_6_5.cpp(1312,30): warning C4305: 'initializing': truncation from 'double' to 'GLfloat'
C:\Users\Wesley Roberts\Documents\Homework\CS - 330\FinalProject\OpenGLSample\OpenGLSample\assignment_6_5.cpp(1312,36): warning C4305: 'initializing': truncation from 'double' to 'GLfloat'
C:\Users\Wesley Roberts\Documents\Homework\CS - 330\FinalProject\OpenGLSample\OpenGLSample\assignment_6_5.cpp(1313,30): warning C4305: 'initializing': truncation from 'double' to 'GLfloat'
C:\Users\Wesley Roberts\Documents\Homework\CS - 330\FinalProject\OpenGLSample\OpenGLSample\assignment_6_5.cpp(1313,36): warning C4305: 'initializing': truncation from 'double' to 'GLfloat'
C:\Users\Wesley Roberts\Documents\Homework\CS - 330\FinalProject\OpenGLSample\OpenGLSample\assignment_6_5.cpp(1314,29): warning C4305: 'initializing': truncation from 'double' to 'GLfloat'
C:\Users\Wesley Roberts\Documents\Homework\CS - 330\FinalProject\OpenGLSample\OpenGLSample\assignment_6_5.cpp(1314,35): warning C4305: 'initializing': truncation from 'double' to 'GLfloat'
C:\Users\Wesley Roberts\Documents\Homework\CS - 330\FinalProject\OpenGLSample\OpenGLSample\assignment_6_5.cpp(1315,30): warning C4305: 'initializing': truncation from 'double' to 'GLfloat'
C:\Users\Wesley Roberts\Documents\Homework\CS - 330\FinalProject\OpenGLSample\OpenGLSample\assignment_6_5.cpp(1315,36): warning C4305: 'initializing': truncation from 'double' to 'GLfloat'
C:\Users\Wesley Roberts\Documents\Homework\CS - 330\FinalProject\OpenGLSample\OpenGLSample\assignment_6_5.cpp(1316,30): warning C4305: 'initializing': truncation from 'double' to 'GLfloat'
C:\Users\Wesley Roberts\Documents\Homework\CS - 330\FinalProject\OpenGLSample\OpenGLSample\assignment_6_5.cpp(1316,37): warning C4305: 'initializing': truncation from 'double' to 'GLfloat'
C:\Users\Wesley Roberts\Documents\Homework\CS - 330\FinalProject\OpenGLSample\OpenGLSample\assignment_6_5.cpp(1318,29): warning C4305: 'initializing': truncation from 'double' to 'GLfloat'
C:\Users\Wesley Roberts\Documents\Homework\CS - 330\FinalProject\OpenGLSample\OpenGLSample\assignment_6_5.cpp(1318,36): warning C4305: 'initializing': truncation from 'double' to 'GLfloat'
C:\Users\Wesley Roberts\Documents\Homework\CS - 330\FinalProject\OpenGLSample\OpenGLSample\assignment_6_5.cpp(1319,29): warning C4305: 'initializing': truncation from 'double' to 'GLfloat'
C:\Users\Wesley Roberts\Documents\Homework\CS - 330\FinalProject\OpenGLSample\OpenGLSample\assignment_6_5.cpp(1319,35): warning C4305: 'initializing': truncation from 'double' to 'GLfloat'
C:\Users\Wesley Roberts\Documents\Homework\CS - 330\FinalProject\OpenGLSample\OpenGLSample\assignment_6_5.cpp(1320,28): warning C4305: 'initializing': truncation from 'double' to 'GLfloat'
C:\Users\Wesley Roberts\Documents\Homework\CS - 330\FinalProject\OpenGLSample\OpenGLSample\assignment_6_5.cpp(1321,29): warning C4305: 'initializing': truncation from 'double' to 'GLfloat'
C:\Users\Wesley Roberts\Documents\Homework\CS - 330\FinalProject\OpenGLSample\OpenGLSample\assignment_6_5.cpp(1321,35): warning C4305: 'initializing': truncation from 'double' to 'GLfloat'
C:\Users\Wesley Roberts\Documents\Homework\CS - 330\FinalProject\OpenGLSample\OpenGLSample\assignment_6_5.cpp(1322,29): warning C4305: 'initializing': truncation from 'double' to 'GLfloat'
C:\Users\Wesley Roberts\Documents\Homework\CS - 330\FinalProject\OpenGLSample\OpenGLSample\assignment_6_5.cpp(1322,35): warning C4305: 'initializing': truncation from 'double' to 'GLfloat'
C:\Users\Wesley Roberts\Documents\Homework\CS - 330\FinalProject\OpenGLSample\OpenGLSample\assignment_6_5.cpp(1323,34): warning C4305: 'initializing': truncation from 'double' to 'GLfloat'
C:\Users\Wesley Roberts\Documents\Homework\CS - 330\FinalProject\OpenGLSample\OpenGLSample\assignment_6_5.cpp(1324,29): warning C4305: 'initializing': truncation from 'double' to 'GLfloat'
C:\Users\Wesley Roberts\Documents\Homework\CS - 330\FinalProject\OpenGLSample\OpenGLSample\assignment_6_5.cpp(1324,35): warning C4305: 'initializing': truncation from 'double' to 'GLfloat'
C:\Users\Wesley Roberts\Documents\Homework\CS - 330\FinalProject\OpenGLSample\OpenGLSample\assignment_6_5.cpp(1325,29): warning C4305: 'initializing': truncation from 'double' to 'GLfloat'
C:\Users\Wesley Roberts\Documents\Homework\CS - 330\FinalProject\OpenGLSample\OpenGLSample\assignment_6_5.cpp(1325,35): warning C4305: 'initializing': truncation from 'double' to 'GLfloat'
C:\Users\Wesley Roberts\Documents\Homework\CS - 330\FinalProject\OpenGLSample\OpenGLSample\assignment_6_5.cpp(1330,30): warning C4305: 'initializing': truncation from 'double' to 'GLfloat'
C:\Users\Wesley Roberts\Documents\Homework\CS - 330\FinalProject\OpenGLSample\OpenGLSample\assignment_6_5.cpp(1330,36): warning C4305: 'initializing': truncation from 'double' to 'GLfloat'
C:\Users\Wesley Roberts\Documents\Homework\CS - 330\FinalProject\OpenGLSample\OpenGLSample\assignment_6_5.cpp(1331,30): warning C4305: 'initializing': truncation from 'double' to 'GLfloat'
C:\Users\Wesley Roberts\Documents\Homework\CS - 330\FinalProject\OpenGLSample\OpenGLSample\assignment_6_5.cpp(1331,36): warning C4305: 'initializing': truncation from 'double' to 'GLfloat'
C:\Users\Wesley Roberts\Documents\Homework\CS - 330\FinalProject\OpenGLSample\OpenGLSample\assignment_6_5.cpp(1332,29): warning C4305: 'initializing': truncation from 'double' to 'GLfloat'
C:\Users\Wesley Roberts\Documents\Homework\CS - 330\FinalProject\OpenGLSample\OpenGLSample\assignment_6_5.cpp(1332,35): warning C4305: 'initializing': truncation from 'double' to 'GLfloat'
C:\Users\Wesley Roberts\Documents\Homework\CS - 330\FinalProject\OpenGLSample\OpenGLSample\assignment_6_5.cpp(1333,30): warning C4305: 'initializing': truncation from 'double' to 'GLfloat'
C:\Users\Wesley Roberts\Documents\Homework\CS - 330\FinalProject\OpenGLSample\OpenGLSample\assignment_6_5.cpp(1333,36): warning C4305: 'initializing': truncation from 'double' to 'GLfloat'
C:\Users\Wesley Roberts\Documents\Homework\CS - 330\FinalProject\OpenGLSample\OpenGLSample\assignment_6_5.cpp(1334,30): warning C4305: 'initializing': truncation from 'double' to 'GLfloat'
C:\Users\Wesley Roberts\Documents\Homework\CS - 330\FinalProject\OpenGLSample\OpenGLSample\assignment_6_5.cpp(1334,36): warning C4305: 'initializing': truncation from 'double' to 'GLfloat'
C:\Users\Wesley Roberts\Documents\Homework\CS - 330\FinalProject\OpenGLSample\OpenGLSample\assignment_6_5.cpp(1335,29): warning C4305: 'initializing': truncation from 'double' to 'GLfloat'
C:\Users\Wesley Roberts\Documents\Homework\CS - 330\FinalProject\OpenGLSample\OpenGLSample\assignment_6_5.cpp(1336,30): warning C4305: 'initializing': truncation from 'double' to 'GLfloat'
C:\Users\Wesley Roberts\Documents\Homework\CS - 330\FinalProject\OpenGLSample\OpenGLSample\assignment_6_5.cpp(1336,36): warning C4305: 'initializing': truncation from 'double' to 'GLfloat'
C:\Users\Wesley Roberts\Documents\Homework\CS - 330\FinalProject\OpenGLSample\OpenGLSample\assignment_6_5.cpp(1337,30): warning C4305: 'initializing': truncation from 'double' to 'GLfloat'
C:\Users\Wesley Roberts\Documents\Homework\CS - 330\FinalProject\OpenGLSample\OpenGLSample\assignment_6_5.cpp(1337,36): warning C4305: 'initializing': truncation from 'double' to 'GLfloat'
C:\Users\Wesley Roberts\Documents\Homework\CS - 330\FinalProject\OpenGLSample\OpenGLSample\assignment_6_5.cpp(1339,30): warning C4305: 'initializing': truncation from 'double' to 'GLfloat'
C:\Users\Wesley Roberts\Documents\Homework\CS - 330\FinalProject\OpenGLSample\OpenGLSample\assignment_6_5.cpp(1339,36): warning C4305: 'initializing': truncation from 'double' to 'GLfloat'
C:\Users\Wesley Roberts\Documents\Homework\CS - 330\FinalProject\OpenGLSample\OpenGLSample\assignment_6_5.cpp(1340,30): warning C4305: 'initializing': truncation from 'double' to 'GLfloat'
C:\Users\Wesley Roberts\Documents\Homework\CS - 330\FinalProject\OpenGLSample\OpenGLSample\assignment_6_5.cpp(1340,36): warning C4305: 'initializing': truncation from 'double' to 'GLfloat'
C:\Users\Wesley Roberts\Documents\Homework\CS - 330\FinalProject\OpenGLSample\OpenGLSample\assignment_6_5.cpp(1341,30): warning C4305: 'initializing': truncation from 'double' to 'GLfloat'
C:\Users\Wesley Roberts\Documents\Homework\CS - 330\FinalProject\OpenGLSample\OpenGLSample\assignment_6_5.cpp(1342,30): warning C4305: 'initializing': truncation from 'double' to 'GLfloat'
C:\Users\Wesley Roberts\Documents\Homework\CS - 330\FinalProject\OpenGLSample\OpenGLSample\assignment_6_5.cpp(1342,36): warning C4305: 'initializing': truncation from 'double' to 'GLfloat'
C:\Users\Wesley Roberts\Documents\Homework\CS - 330\FinalProject\OpenGLSample\OpenGLSample\assignment_6_5.cpp(1343,30): warning C4305: 'initializing': truncation from 'double' to 'GLfloat'
C:\Users\Wesley Roberts\Documents\Homework\CS - 330\FinalProject\OpenGLSample\OpenGLSample\assignment_6_5.cpp(1343,36): warning C4305: 'initializing': truncation from 'double' to 'GLfloat'
C:\Users\Wesley Roberts\Documents\Homework\CS - 330\FinalProject\OpenGLSample\OpenGLSample\assignment_6_5.cpp(1344,30): warning C4305: 'initializing': truncation from 'double' to 'GLfloat'
C:\Users\Wesley Roberts\Documents\Homework\CS - 330\FinalProject\OpenGLSample\OpenGLSample\assignment_6_5.cpp(1344,36): warning C4305: 'initializing': truncation from 'double' to 'GLfloat'
C:\Users\Wesley Roberts\Documents\Homework\CS - 330\FinalProject\OpenGLSample\OpenGLSample\assignment_6_5.cpp(1345,30): warning C4305: 'initializing': truncation from 'double' to 'GLfloat'
C:\Users\Wesley Roberts\Documents\Homework\CS - 330\FinalProject\OpenGLSample\OpenGLSample\assignment_6_5.cpp(1345,36): warning C4305: 'initializing': truncation from 'double' to 'GLfloat'
C:\Users\Wesley Roberts\Documents\Homework\CS - 330\FinalProject\OpenGLSample\OpenGLSample\assignment_6_5.cpp(1346,30): warning C4305: 'initializing': truncation from 'double' to 'GLfloat'
C:\Users\Wesley Roberts\Documents\Homework\CS - 330\FinalProject\OpenGLSample\OpenGLSample\assignment_6_5.cpp(1346,35): warning C4305: 'initializing': truncation from 'double' to 'GLfloat'
C:\Users\Wesley Roberts\Documents\Homework\CS - 330\FinalProject\OpenGLSample\OpenGLSample\assignment_6_5.cpp(1348,30): warning C4305: 'initializing': truncation from 'double' to 'GLfloat'
C:\Users\Wesley Roberts\Documents\Homework\CS - 330\FinalProject\OpenGLSample\OpenGLSample\assignment_6_5.cpp(1348,36): warning C4305: 'initializing': truncation from 'double' to 'GLfloat'
C:\Users\Wesley Roberts\Documents\Homework\CS - 330\FinalProject\OpenGLSample\OpenGLSample\assignment_6_5.cpp(1349,30): warning C4305: 'initializing': truncation from 'double' to 'GLfloat'
C:\Users\Wesley Roberts\Documents\Homework\CS - 330\FinalProject\OpenGLSample\OpenGLSample\assignment_6_5.cpp(1349,36): warning C4305: 'initializing': truncation from 'double' to 'GLfloat'
C:\Users\Wesley Roberts\Documents\Homework\CS - 330\FinalProject\OpenGLSample\OpenGLSample\assignment_6_5.cpp(1350,35): warning C4305: 'initializing': truncation from 'double' to 'GLfloat'
C:\Users\Wesley Roberts\Documents\Homework\CS - 330\FinalProject\OpenGLSample\OpenGLSample\assignment_6_5.cpp(1351,30): warning C4305: 'initializing': truncation from 'double' to 'GLfloat'
C:\Users\Wesley Roberts\Documents\Homework\CS - 330\FinalProject\OpenGLSample\OpenGLSample\assignment_6_5.cpp(1351,36): warning C4305: 'initializing': truncation from 'double' to 'GLfloat'
C:\Users\Wesley Roberts\Documents\Homework\CS - 330\FinalProject\OpenGLSample\OpenGLSample\assignment_6_5.cpp(1352,30): warning C4305: 'initializing': truncation from 'double' to 'GLfloat'
C:\Users\Wesley Roberts\Documents\Homework\CS - 330\FinalProject\OpenGLSample\OpenGLSample\assignment_6_5.cpp(1352,36): warning C4305: 'initializing': truncation from 'double' to 'GLfloat'
C:\Users\Wesley Roberts\Documents\Homework\CS - 330\FinalProject\OpenGLSample\OpenGLSample\assignment_6_5.cpp(1353,29): warning C4305: 'initializing': truncation from 'double' to 'GLfloat'
C:\Users\Wesley Roberts\Documents\Homework\CS - 330\FinalProject\OpenGLSample\OpenGLSample\assignment_6_5.cpp(1353,35): warning C4305: 'initializing': truncation from 'double' to 'GLfloat'
C:\Users\Wesley Roberts\Documents\Homework\CS - 330\FinalProject\OpenGLSample\OpenGLSample\assignment_6_5.cpp(1354,30): warning C4305: 'initializing': truncation from 'double' to 'GLfloat'
C:\Users\Wesley Roberts\Documents\Homework\CS - 330\FinalProject\OpenGLSample\OpenGLSample\assignment_6_5.cpp(1354,36): warning C4305: 'initializing': truncation from 'double' to 'GLfloat'
C:\Users\Wesley Roberts\Documents\Homework\CS - 330\FinalProject\OpenGLSample\OpenGLSample\assignment_6_5.cpp(1355,30): warning C4305: 'initializing': truncation from 'double' to 'GLfloat'
C:\Users\Wesley Roberts\Documents\Homework\CS - 330\FinalProject\OpenGLSample\OpenGLSample\assignment_6_5.cpp(1355,37): warning C4305: 'initializing': truncation from 'double' to 'GLfloat'
C:\Users\Wesley Roberts\Documents\Homework\CS - 330\FinalProject\OpenGLSample\OpenGLSample\assignment_6_5.cpp(1357,29): warning C4305: 'initializing': truncation from 'double' to 'GLfloat'
C:\Users\Wesley Roberts\Documents\Homework\CS - 330\FinalProject\OpenGLSample\OpenGLSample\assignment_6_5.cpp(1357,36): warning C4305: 'initializing': truncation from 'double' to 'GLfloat'
C:\Users\Wesley Roberts\Documents\Homework\CS - 330\FinalProject\OpenGLSample\OpenGLSample\assignment_6_5.cpp(1358,29): warning C4305: 'initializing': truncation from 'double' to 'GLfloat'
C:\Users\Wesley Roberts\Documents\Homework\CS - 330\FinalProject\OpenGLSample\OpenGLSample\assignment_6_5.cpp(1358,35): warning C4305: 'initializing': truncation from 'double' to 'GLfloat'
C:\Users\Wesley Roberts\Documents\Homework\CS - 330\FinalProject\OpenGLSample\OpenGLSample\assignment_6_5.cpp(1359,28): warning C4305: 'initializing': truncation from 'double' to 'GLfloat'
C:\Users\Wesley Roberts\Documents\Homework\CS - 330\FinalProject\OpenGLSample\OpenGLSample\assignment_6_5.cpp(1360,29): warning C4305: 'initializing': truncation from 'double' to 'GLfloat'
C:\Users\Wesley Roberts\Documents\Homework\CS - 330\FinalProject\OpenGLSample\OpenGLSample\assignment_6_5.cpp(1360,35): warning C4305: 'initializing': truncation from 'double' to 'GLfloat'
C:\Users\Wesley Roberts\Documents\Homework\CS - 330\FinalProject\OpenGLSample\OpenGLSample\assignment_6_5.cpp(1361,29): warning C4305: 'initializing': truncation from 'double' to 'GLfloat'
C:\Users\Wesley Roberts\Documents\Homework\CS - 330\FinalProject\OpenGLSample\OpenGLSample\assignment_6_5.cpp(1361,35): warning C4305: 'initializing': truncation from 'double' to 'GLfloat'
C:\Users\Wesley Roberts\Documents\Homework\CS - 330\FinalProject\OpenGLSample\OpenGLSample\assignment_6_5.cpp(1362,34): warning C4305: 'initializing': truncation from 'double' to 'GLfloat'
C:\Users\Wesley Roberts\Documents\Homework\CS - 330\FinalProject\OpenGLSample\OpenGLSample\assignment_6_5.cpp(1363,29): warning C4305: 'initializing': truncation from 'double' to 'GLfloat'
C:\Users\Wesley Roberts\Documents\Homework\CS - 330\FinalProject\OpenGLSample\OpenGLSample\assignment_6_5.cpp(1363,35): warning C4305: 'initializing': truncation from 'double' to 'GLfloat'
C:\Users\Wesley Roberts\Documents\Homework\CS - 330\FinalProject\OpenGLSample\OpenGLSample\assignment_6_5.cpp(1364,29): warning C4305: 'initializing': truncation from 'double' to 'GLfloat'
C:\Users\Wesley Roberts\Documents\Homework\CS - 330\FinalProject\OpenGLSample\OpenGLSample\assignment_6_5.cpp(1364,35): warning C4305: 'initializing': truncation from 'double' to 'GLfloat'
C:\Users\Wesley Roberts\Documents\Homework\CS - 330\FinalProject\OpenGLSample\OpenGLSample\assignment_6_5.cpp(1370,30): warning C4305: 'initializing': truncation from 'double' to 'GLfloat'
C:\Users\Wesley Roberts\Documents\Homework\CS - 330\FinalProject\OpenGLSample\OpenGLSample\assignment_6_5.cpp(1372,30): warning C4305: 'initializing': truncation from 'double' to 'GLfloat'
C:\Users\Wesley Roberts\Documents\Homework\CS - 330\FinalProject\OpenGLSample\OpenGLSample\assignment_6_5.cpp(1373,30): warning C4305: 'initializing': truncation from 'double' to 'GLfloat'
C:\Users\Wesley Roberts\Documents\Homework\CS - 330\FinalProject\OpenGLSample\OpenGLSample\assignment_6_5.cpp(1374,30): warning C4305: 'initializing': truncation from 'double' to 'GLfloat'
C:\Users\Wesley Roberts\Documents\Homework\CS - 330\FinalProject\OpenGLSample\OpenGLSample\assignment_6_5.cpp(1375,30): warning C4305: 'initializing': truncation from 'double' to 'GLfloat'
C:\Users\Wesley Roberts\Documents\Homework\CS - 330\FinalProject\OpenGLSample\OpenGLSample\assignment_6_5.cpp(1376,30): warning C4305: 'initializing': truncation from 'double' to 'GLfloat'
C:\Users\Wesley Roberts\Documents\Homework\CS - 330\FinalProject\OpenGLSample\OpenGLSample\assignment_6_5.cpp(1377,30): warning C4305: 'initializing': truncation from 'double' to 'GLfloat'
C:\Users\Wesley Roberts\Documents\Homework\CS - 330\FinalProject\OpenGLSample\OpenGLSample\assignment_6_5.cpp(1378,29): warning C4305: 'initializing': truncation from 'double' to 'GLfloat'
C:\Users\Wesley Roberts\Documents\Homework\CS - 330\FinalProject\OpenGLSample\OpenGLSample\assignment_6_5.cpp(1379,30): warning C4305: 'initializing': truncation from 'double' to 'GLfloat'
C:\Users\Wesley Roberts\Documents\Homework\CS - 330\FinalProject\OpenGLSample\OpenGLSample\assignment_6_5.cpp(1380,29): warning C4305: 'initializing': truncation from 'double' to 'GLfloat'
C:\Users\Wesley Roberts\Documents\Homework\CS - 330\FinalProject\OpenGLSample\OpenGLSample\assignment_6_5.cpp(1381,29): warning C4305: 'initializing': truncation from 'double' to 'GLfloat'
C:\Users\Wesley Roberts\Documents\Homework\CS - 330\FinalProject\OpenGLSample\OpenGLSample\assignment_6_5.cpp(1382,30): warning C4305: 'initializing': truncation from 'double' to 'GLfloat'
C:\Users\Wesley Roberts\Documents\Homework\CS - 330\FinalProject\OpenGLSample\OpenGLSample\assignment_6_5.cpp(1383,29): warning C4305: 'initializing': truncation from 'double' to 'GLfloat'
C:\Users\Wesley Roberts\Documents\Homework\CS - 330\FinalProject\OpenGLSample\OpenGLSample\assignment_6_5.cpp(1384,30): warning C4305: 'initializing': truncation from 'double' to 'GLfloat'
C:\Users\Wesley Roberts\Documents\Homework\CS - 330\FinalProject\OpenGLSample\OpenGLSample\assignment_6_5.cpp(1385,30): warning C4305: 'initializing': truncation from 'double' to 'GLfloat'
C:\Users\Wesley Roberts\Documents\Homework\CS - 330\FinalProject\OpenGLSample\OpenGLSample\assignment_6_5.cpp(1386,30): warning C4305: 'initializing': truncation from 'double' to 'GLfloat'
C:\Users\Wesley Roberts\Documents\Homework\CS - 330\FinalProject\OpenGLSample\OpenGLSample\assignment_6_5.cpp(1387,30): warning C4305: 'initializing': truncation from 'double' to 'GLfloat'
C:\Users\Wesley Roberts\Documents\Homework\CS - 330\FinalProject\OpenGLSample\OpenGLSample\assignment_6_5.cpp(1388,30): warning C4305: 'initializing': truncation from 'double' to 'GLfloat'
C:\Users\Wesley Roberts\Documents\Homework\CS - 330\FinalProject\OpenGLSample\OpenGLSample\assignment_6_5.cpp(1389,30): warning C4305: 'initializing': truncation from 'double' to 'GLfloat'
C:\Users\Wesley Roberts\Documents\Homework\CS - 330\FinalProject\OpenGLSample\OpenGLSample\assignment_6_5.cpp(1390,29): warning C4305: 'initializing': truncation from 'double' to 'GLfloat'
C:\Users\Wesley Roberts\Documents\Homework\CS - 330\FinalProject\OpenGLSample\OpenGLSample\assignment_6_5.cpp(1391,30): warning C4305: 'initializing': truncation from 'double' to 'GLfloat'
C:\Users\Wesley Roberts\Documents\Homework\CS - 330\FinalProject\OpenGLSample\OpenGLSample\assignment_6_5.cpp(1392,29): warning C4305: 'initializing': truncation from 'double' to 'GLfloat'
C:\Users\Wesley Roberts\Documents\Homework\CS - 330\FinalProject\OpenGLSample\OpenGLSample\assignment_6_5.cpp(1393,29): warning C4305: 'initializing': truncation from 'double' to 'GLfloat'
C:\Users\Wesley Roberts\Documents\Homework\CS - 330\FinalProject\OpenGLSample\OpenGLSample\assignment_6_5.cpp(1394,30): warning C4305: 'initializing': truncation from 'double' to 'GLfloat'
C:\Users\Wesley Roberts\Documents\Homework\CS - 330\FinalProject\OpenGLSample\OpenGLSample\assignment_6_5.cpp(1395,29): warning C4305: 'initializing': truncation from 'double' to 'GLfloat'
C:\Users\Wesley Roberts\Documents\Homework\CS - 330\FinalProject\OpenGLSample\OpenGLSample\assignment_6_5.cpp(1396,30): warning C4305: 'initializing': truncation from 'double' to 'GLfloat'
C:\Users\Wesley Roberts\Documents\Homework\CS - 330\FinalProject\OpenGLSample\OpenGLSample\assignment_6_5.cpp(1397,30): warning C4305: 'initializing': truncation from 'double' to 'GLfloat'
C:\Users\Wesley Roberts\Documents\Homework\CS - 330\FinalProject\OpenGLSample\OpenGLSample\assignment_6_5.cpp(1398,30): warning C4305: 'initializing': truncation from 'double' to 'GLfloat'
C:\Users\Wesley Roberts\Documents\Homework\CS - 330\FinalProject\OpenGLSample\OpenGLSample\assignment_6_5.cpp(1399,30): warning C4305: 'initializing': truncation from 'double' to 'GLfloat'
C:\Users\Wesley Roberts\Documents\Homework\CS - 330\FinalProject\OpenGLSample\OpenGLSample\assignment_6_5.cpp(1400,30): warning C4305: 'initializing': truncation from 'double' to 'GLfloat'
C:\Users\Wesley Roberts\Documents\Homework\CS - 330\FinalProject\OpenGLSample\OpenGLSample\assignment_6_5.cpp(1401,30): warning C4305: 'initializing': truncation from 'double' to 'GLfloat'
C:\Users\Wesley Roberts\Documents\Homework\CS - 330\FinalProject\OpenGLSample\OpenGLSample\assignment_6_5.cpp(1402,29): warning C4305: 'initializing': truncation from 'double' to 'GLfloat'
C:\Users\Wesley Roberts\Documents\Homework\CS - 330\FinalProject\OpenGLSample\OpenGLSample\assignment_6_5.cpp(1403,30): warning C4305: 'initializing': truncation from 'double' to 'GLfloat'
C:\Users\Wesley Roberts\Documents\Homework\CS - 330\FinalProject\OpenGLSample\OpenGLSample\assignment_6_5.cpp(1404,29): warning C4305: 'initializing': truncation from 'double' to 'GLfloat'
C:\Users\Wesley Roberts\Documents\Homework\CS - 330\FinalProject\OpenGLSample\OpenGLSample\assignment_6_5.cpp(1405,29): warning C4305: 'initializing': truncation from 'double' to 'GLfloat'
C:\Users\Wesley Roberts\Documents\Homework\CS - 330\FinalProject\OpenGLSample\OpenGLSample\assignment_6_5.cpp(1406,30): warning C4305: 'initializing': truncation from 'double' to 'GLfloat'
C:\Users\Wesley Roberts\Documents\Homework\CS - 330\FinalProject\OpenGLSample\OpenGLSample\assignment_6_5.cpp(1407,29): warning C4305: 'initializing': truncation from 'double' to 'GLfloat'
C:\Users\Wesley Roberts\Documents\Homework\CS - 330\FinalProject\OpenGLSample\OpenGLSample\assignment_6_5.cpp(1408,30): warning C4305: 'initializing': truncation from 'double' to 'GLfloat'
C:\Users\Wesley Roberts\Documents\Homework\CS - 330\FinalProject\OpenGLSample\OpenGLSample\assignment_6_5.cpp(1409,30): warning C4305: 'initializing': truncation from 'double' to 'GLfloat'
C:\Users\Wesley Roberts\Documents\Homework\CS - 330\FinalProject\OpenGLSample\OpenGLSample\assignment_6_5.cpp(1410,30): warning C4305: 'initializing': truncation from 'double' to 'GLfloat'
C:\Users\Wesley Roberts\Documents\Homework\CS - 330\FinalProject\OpenGLSample\OpenGLSample\assignment_6_5.cpp(1411,30): warning C4305: 'initializing': truncation from 'double' to 'GLfloat'
C:\Users\Wesley Roberts\Documents\Homework\CS - 330\FinalProject\OpenGLSample\OpenGLSample\assignment_6_5.cpp(1412,30): warning C4305: 'initializing': truncation from 'double' to 'GLfloat'
C:\Users\Wesley Roberts\Documents\Homework\CS - 330\FinalProject\OpenGLSample\OpenGLSample\assignment_6_5.cpp(1413,30): warning C4305: 'initializing': truncation from 'double' to 'GLfloat'
C:\Users\Wesley Roberts\Documents\Homework\CS - 330\FinalProject\OpenGLSample\OpenGLSample\assignment_6_5.cpp(1414,30): warning C4305: 'initializing': truncation from 'double' to 'GLfloat'
C:\Users\Wesley Roberts\Documents\Homework\CS - 330\FinalProject\OpenGLSample\OpenGLSample\assignment_6_5.cpp(1415,30): warning C4305: 'initializing': truncation from 'double' to 'GLfloat'
C:\Users\Wesley Roberts\Documents\Homework\CS - 330\FinalProject\OpenGLSample\OpenGLSample\assignment_6_5.cpp(1416,30): warning C4305: 'initializing': truncation from 'double' to 'GLfloat'
C:\Users\Wesley Roberts\Documents\Homework\CS - 330\FinalProject\OpenGLSample\OpenGLSample\assignment_6_5.cpp(1417,30): warning C4305: 'initializing': truncation from 'double' to 'GLfloat'
C:\Users\Wesley Roberts\Documents\Homework\CS - 330\FinalProject\OpenGLSample\OpenGLSample\assignment_6_5.cpp(1418,30): warning C4305: 'initializing': truncation from 'double' to 'GLfloat'
C:\Users\Wesley Roberts\Documents\Homework\CS - 330\FinalProject\OpenGLSample\OpenGLSample\assignment_6_5.cpp(1419,30): warning C4305: 'initializing': truncation from 'double' to 'GLfloat'
C:\Users\Wesley Roberts\Documents\Homework\CS - 330\FinalProject\OpenGLSample\OpenGLSample\assignment_6_5.cpp(1420,30): warning C4305: 'initializing': truncation from 'double' to 'GLfloat'
C:\Users\Wesley Roberts\Documents\Homework\CS - 330\FinalProject\OpenGLSample\OpenGLSample\assignment_6_5.cpp(1421,30): warning C4305: 'initializing': truncation from 'double' to 'GLfloat'
C:\Users\Wesley Roberts\Documents\Homework\CS - 330\FinalProject\OpenGLSample\OpenGLSample\assignment_6_5.cpp(1422,30): warning C4305: 'initializing': truncation from 'double' to 'GLfloat'
C:\Users\Wesley Roberts\Documents\Homework\CS - 330\FinalProject\OpenGLSample\OpenGLSample\assignment_6_5.cpp(1423,30): warning C4305: 'initializing': truncation from 'double' to 'GLfloat'
C:\Users\Wesley Roberts\Documents\Homework\CS - 330\FinalProject\OpenGLSample\OpenGLSample\assignment_6_5.cpp(1424,30): warning C4305: 'initializing': truncation from 'double' to 'GLfloat'
C:\Users\Wesley Roberts\Documents\Homework\CS - 330\FinalProject\OpenGLSample\OpenGLSample\assignment_6_5.cpp(1425,30): warning C4305: 'initializing': truncation from 'double' to 'GLfloat'
C:\Users\Wesley Roberts\Documents\Homework\CS - 330\FinalProject\OpenGLSample\OpenGLSample\assignment_6_5.cpp(1426,30): warning C4305: 'initializing': truncation from 'double' to 'GLfloat'
C:\Users\Wesley Roberts\Documents\Homework\CS - 330\FinalProject\OpenGLSample\OpenGLSample\assignment_6_5.cpp(1427,30): warning C4305: 'initializing': truncation from 'double' to 'GLfloat'
C:\Users\Wesley Roberts\Documents\Homework\CS - 330\FinalProject\OpenGLSample\OpenGLSample\assignment_6_5.cpp(1428,30): warning C4305: 'initializing': truncation from 'double' to 'GLfloat'
C:\Users\Wesley Roberts\Documents\Homework\CS - 330\FinalProject\OpenGLSample\OpenGLSample\assignment_6_5.cpp(1429,30): warning C4305: 'initializing': truncation from 'double' to 'GLfloat'
C:\Users\Wesley Roberts\Documents\Homework\CS - 330\FinalProject\OpenGLSample\OpenGLSample\assignment_6_5.cpp(1430,30): warning C4305: 'initializing': truncation from 'double' to 'GLfloat'
C:\Users\Wesley Roberts\Documents\Homework\CS - 330\FinalProject\OpenGLSample\OpenGLSample\assignment_6_5.cpp(1431,30): warning C4305: 'initializing': truncation from 'double' to 'GLfloat'
C:\Users\Wesley Roberts\Documents\Homework\CS - 330\FinalProject\OpenGLSample\OpenGLSample\assignment_6_5.cpp(1432,30): warning C4305: 'initializing': truncation from 'double' to 'GLfloat'
C:\Users\Wesley Roberts\Documents\Homework\CS - 330\FinalProject\OpenGLSample\OpenGLSample\assignment_6_5.cpp(1433,30): warning C4305: 'initializing': truncation from 'double' to 'GLfloat'
C:\Users\Wesley Roberts\Documents\Homework\CS - 330\FinalProject\OpenGLSample\OpenGLSample\assignment_6_5.cpp(1434,30): warning C4305: 'initializing': truncation from 'double' to 'GLfloat'
C:\Users\Wesley Roberts\Documents\Homework\CS - 330\FinalProject\OpenGLSample\OpenGLSample\assignment_6_5.cpp(1435,30): warning C4305: 'initializing': truncation from 'double' to 'GLfloat'
C:\Users\Wesley Roberts\Documents\Homework\CS - 330\FinalProject\OpenGLSample\OpenGLSample\assignment_6_5.cpp(1436,30): warning C4305: 'initializing': truncation from 'double' to 'GLfloat'
C:\Users\Wesley Roberts\Documents\Homework\CS - 330\FinalProject\OpenGLSample\OpenGLSample\assignment_6_5.cpp(1437,30): warning C4305: 'initializing': truncation from 'double' to 'GLfloat'
C:\Users\Wesley Roberts\Documents\Homework\CS - 330\FinalProject\OpenGLSample\OpenGLSample\assignment_6_5.cpp(1438,29): warning C4305: 'initializing': truncation from 'double' to 'GLfloat'
C:\Users\Wesley Roberts\Documents\Homework\CS - 330\FinalProject\OpenGLSample\OpenGLSample\assignment_6_5.cpp(1439,30): warning C4305: 'initializing': truncation from 'double' to 'GLfloat'
C:\Users\Wesley Roberts\Documents\Homework\CS - 330\FinalProject\OpenGLSample\OpenGLSample\assignment_6_5.cpp(1440,29): warning C4305: 'initializing': truncation from 'double' to 'GLfloat'
C:\Users\Wesley Roberts\Documents\Homework\CS - 330\FinalProject\OpenGLSample\OpenGLSample\assignment_6_5.cpp(1441,29): warning C4305: 'initializing': truncation from 'double' to 'GLfloat'
C:\Users\Wesley Roberts\Documents\Homework\CS - 330\FinalProject\OpenGLSample\OpenGLSample\assignment_6_5.cpp(1442,30): warning C4305: 'initializing': truncation from 'double' to 'GLfloat'
C:\Users\Wesley Roberts\Documents\Homework\CS - 330\FinalProject\OpenGLSample\OpenGLSample\assignment_6_5.cpp(1443,29): warning C4305: 'initializing': truncation from 'double' to 'GLfloat'
C:\Users\Wesley Roberts\Documents\Homework\CS - 330\FinalProject\OpenGLSample\OpenGLSample\assignment_6_5.cpp(1444,30): warning C4305: 'initializing': truncation from 'double' to 'GLfloat'
C:\Users\Wesley Roberts\Documents\Homework\CS - 330\FinalProject\OpenGLSample\OpenGLSample\assignment_6_5.cpp(1445,30): warning C4305: 'initializing': truncation from 'double' to 'GLfloat'
C:\Users\Wesley Roberts\Documents\Homework\CS - 330\FinalProject\OpenGLSample\OpenGLSample\assignment_6_5.cpp(1446,30): warning C4305: 'initializing': truncation from 'double' to 'GLfloat'
C:\Users\Wesley Roberts\Documents\Homework\CS - 330\FinalProject\OpenGLSample\OpenGLSample\assignment_6_5.cpp(1447,30): warning C4305: 'initializing': truncation from 'double' to 'GLfloat'
C:\Users\Wesley Roberts\Documents\Homework\CS - 330\FinalProject\OpenGLSample\OpenGLSample\assignment_6_5.cpp(1448,30): warning C4305: 'initializing': truncation from 'double' to 'GLfloat'
C:\Users\Wesley Roberts\Documents\Homework\CS - 330\FinalProject\OpenGLSample\OpenGLSample\assignment_6_5.cpp(1449,30): warning C4305: 'initializing': truncation from 'double' to 'GLfloat'
C:\Users\Wesley Roberts\Documents\Homework\CS - 330\FinalProject\OpenGLSample\OpenGLSample\assignment_6_5.cpp(1450,29): warning C4305: 'initializing': truncation from 'double' to 'GLfloat'
C:\Users\Wesley Roberts\Documents\Homework\CS - 330\FinalProject\OpenGLSample\OpenGLSample\assignment_6_5.cpp(1451,30): warning C4305: 'initializing': truncation from 'double' to 'GLfloat'
C:\Users\Wesley Roberts\Documents\Homework\CS - 330\FinalProject\OpenGLSample\OpenGLSample\assignment_6_5.cpp(1452,29): warning C4305: 'initializing': truncation from 'double' to 'GLfloat'
C:\Users\Wesley Roberts\Documents\Homework\CS - 330\FinalProject\OpenGLSample\OpenGLSample\assignment_6_5.cpp(1453,29): warning C4305: 'initializing': truncation from 'double' to 'GLfloat'
C:\Users\Wesley Roberts\Documents\Homework\CS - 330\FinalProject\OpenGLSample\OpenGLSample\assignment_6_5.cpp(1454,30): warning C4305: 'initializing': truncation from 'double' to 'GLfloat'
C:\Users\Wesley Roberts\Documents\Homework\CS - 330\FinalProject\OpenGLSample\OpenGLSample\assignment_6_5.cpp(1455,29): warning C4305: 'initializing': truncation from 'double' to 'GLfloat'
C:\Users\Wesley Roberts\Documents\Homework\CS - 330\FinalProject\OpenGLSample\OpenGLSample\assignment_6_5.cpp(1456,30): warning C4305: 'initializing': truncation from 'double' to 'GLfloat'
C:\Users\Wesley Roberts\Documents\Homework\CS - 330\FinalProject\OpenGLSample\OpenGLSample\assignment_6_5.cpp(1457,30): warning C4305: 'initializing': truncation from 'double' to 'GLfloat'
C:\Users\Wesley Roberts\Documents\Homework\CS - 330\FinalProject\OpenGLSample\OpenGLSample\assignment_6_5.cpp(1458,30): warning C4305: 'initializing': truncation from 'double' to 'GLfloat'
C:\Users\Wesley Roberts\Documents\Homework\CS - 330\FinalProject\OpenGLSample\OpenGLSample\assignment_6_5.cpp(1459,30): warning C4305: 'initializing': truncation from 'double' to 'GLfloat'
C:\Users\Wesley Roberts\Documents\Homework\CS - 330\FinalProject\OpenGLSample\OpenGLSample\assignment_6_5.cpp(1460,30): warning C4305: 'initializing': truncation from 'double' to 'GLfloat'
C:\Users\Wesley Roberts\Documents\Homework\CS - 330\FinalProject\OpenGLSample\OpenGLSample\assignment_6_5.cpp(1461,30): warning C4305: 'initializing': truncation from 'double' to 'GLfloat'
C:\Users\Wesley Roberts\Documents\Homework\CS - 330\FinalProject\OpenGLSample\OpenGLSample\assignment_6_5.cpp(1462,29): warning C4305: 'initializing': truncation from 'double' to 'GLfloat'
C:\Users\Wesley Roberts\Documents\Homework\CS - 330\FinalProject\OpenGLSample\OpenGLSample\assignment_6_5.cpp(1463,30): warning C4305: 'initializing': truncation from 'double' to 'GLfloat'
C:\Users\Wesley Roberts\Documents\Homework\CS - 330\FinalProject\OpenGLSample\OpenGLSample\assignment_6_5.cpp(1464,29): warning C4305: 'initializing': truncation from 'double' to 'GLfloat'
C:\Users\Wesley Roberts\Documents\Homework\CS - 330\FinalProject\OpenGLSample\OpenGLSample\assignment_6_5.cpp(1465,29): warning C4305: 'initializing': truncation from 'double' to 'GLfloat'
C:\Users\Wesley Roberts\Documents\Homework\CS - 330\FinalProject\OpenGLSample\OpenGLSample\assignment_6_5.cpp(1466,30): warning C4305: 'initializing': truncation from 'double' to 'GLfloat'
C:\Users\Wesley Roberts\Documents\Homework\CS - 330\FinalProject\OpenGLSample\OpenGLSample\assignment_6_5.cpp(1467,29): warning C4305: 'initializing': truncation from 'double' to 'GLfloat'
C:\Users\Wesley Roberts\Documents\Homework\CS - 330\FinalProject\OpenGLSample\OpenGLSample\assignment_6_5.cpp(1468,30): warning C4305: 'initializing': truncation from 'double' to 'GLfloat'
C:\Users\Wesley Roberts\Documents\Homework\CS - 330\FinalProject\OpenGLSample\OpenGLSample\assignment_6_5.cpp(1469,30): warning C4305: 'initializing': truncation from 'double' to 'GLfloat'
C:\Users\Wesley Roberts\Documents\Homework\CS - 330\FinalProject\OpenGLSample\OpenGLSample\assignment_6_5.cpp(1470,30): warning C4305: 'initializing': truncation from 'double' to 'GLfloat'
C:\Users\Wesley Roberts\Documents\Homework\CS - 330\FinalProject\OpenGLSample\OpenGLSample\assignment_6_5.cpp(1471,30): warning C4305: 'initializing': truncation from 'double' to 'GLfloat'
C:\Users\Wesley Roberts\Documents\Homework\CS - 330\FinalProject\OpenGLSample\OpenGLSample\assignment_6_5.cpp(1472,30): warning C4305: 'initializing': truncation from 'double' to 'GLfloat'
C:\Users\Wesley Roberts\Documents\Homework\CS - 330\FinalProject\OpenGLSample\OpenGLSample\assignment_6_5.cpp(1473,30): warning C4305: 'initializing': truncation from 'double' to 'GLfloat'
C:\Users\Wesley Roberts\Documents\Homework\CS - 330\FinalProject\OpenGLSample\OpenGLSample\assignment_6_5.cpp(1474,28): warning C4305: 'initializing': truncation from 'double' to 'GLfloat'
C:\Users\Wesley Roberts\Documents\Homework\CS - 330\FinalProject\OpenGLSample\OpenGLSample\assignment_6_5.cpp(1475,30): warning C4305: 'initializing': truncation from 'double' to 'GLfloat'
C:\Users\Wesley Roberts\Documents\Homework\CS - 330\FinalProject\OpenGLSample\OpenGLSample\assignment_6_5.cpp(1476,28): warning C4305: 'initializing': truncation from 'double' to 'GLfloat'
C:\Users\Wesley Roberts\Documents\Homework\CS - 330\FinalProject\OpenGLSample\OpenGLSample\assignment_6_5.cpp(1477,28): warning C4305: 'initializing': truncation from 'double' to 'GLfloat'
C:\Users\Wesley Roberts\Documents\Homework\CS - 330\FinalProject\OpenGLSample\OpenGLSample\assignment_6_5.cpp(1478,29): warning C4305: 'initializing': truncation from 'double' to 'GLfloat'
C:\Users\Wesley Roberts\Documents\Homework\CS - 330\FinalProject\OpenGLSample\OpenGLSample\assignment_6_5.cpp(1479,28): warning C4305: 'initializing': truncation from 'double' to 'GLfloat'
C:\Users\Wesley Roberts\Documents\Homework\CS - 330\FinalProject\OpenGLSample\OpenGLSample\assignment_6_5.cpp(1480,29): warning C4305: 'initializing': truncation from 'double' to 'GLfloat'
C:\Users\Wesley Roberts\Documents\Homework\CS - 330\FinalProject\OpenGLSample\OpenGLSample\assignment_6_5.cpp(1481,29): warning C4305: 'initializing': truncation from 'double' to 'GLfloat'
C:\Users\Wesley Roberts\Documents\Homework\CS - 330\FinalProject\OpenGLSample\OpenGLSample\assignment_6_5.cpp(1482,29): warning C4305: 'initializing': truncation from 'double' to 'GLfloat'
C:\Users\Wesley Roberts\Documents\Homework\CS - 330\FinalProject\OpenGLSample\OpenGLSample\assignment_6_5.cpp(1483,29): warning C4305: 'initializing': truncation from 'double' to 'GLfloat'
C:\Users\Wesley Roberts\Documents\Homework\CS - 330\FinalProject\OpenGLSample\OpenGLSample\assignment_6_5.cpp(1484,29): warning C4305: 'initializing': truncation from 'double' to 'GLfloat'
C:\Users\Wesley Roberts\Documents\Homework\CS - 330\FinalProject\OpenGLSample\OpenGLSample\assignment_6_5.cpp(1485,29): warning C4305: 'initializing': truncation from 'double' to 'GLfloat'
C:\Users\Wesley Roberts\Documents\Homework\CS - 330\FinalProject\OpenGLSample\OpenGLSample\assignment_6_5.cpp(1486,28): warning C4305: 'initializing': truncation from 'double' to 'GLfloat'
C:\Users\Wesley Roberts\Documents\Homework\CS - 330\FinalProject\OpenGLSample\OpenGLSample\assignment_6_5.cpp(1487,29): warning C4305: 'initializing': truncation from 'double' to 'GLfloat'
C:\Users\Wesley Roberts\Documents\Homework\CS - 330\FinalProject\OpenGLSample\OpenGLSample\assignment_6_5.cpp(1488,28): warning C4305: 'initializing': truncation from 'double' to 'GLfloat'
C:\Users\Wesley Roberts\Documents\Homework\CS - 330\FinalProject\OpenGLSample\OpenGLSample\assignment_6_5.cpp(1489,28): warning C4305: 'initializing': truncation from 'double' to 'GLfloat'
C:\Users\Wesley Roberts\Documents\Homework\CS - 330\FinalProject\OpenGLSample\OpenGLSample\assignment_6_5.cpp(1490,29): warning C4305: 'initializing': truncation from 'double' to 'GLfloat'
C:\Users\Wesley Roberts\Documents\Homework\CS - 330\FinalProject\OpenGLSample\OpenGLSample\assignment_6_5.cpp(1491,28): warning C4305: 'initializing': truncation from 'double' to 'GLfloat'
C:\Users\Wesley Roberts\Documents\Homework\CS - 330\FinalProject\OpenGLSample\OpenGLSample\assignment_6_5.cpp(1492,29): warning C4305: 'initializing': truncation from 'double' to 'GLfloat'
C:\Users\Wesley Roberts\Documents\Homework\CS - 330\FinalProject\OpenGLSample\OpenGLSample\assignment_6_5.cpp(1493,29): warning C4305: 'initializing': truncation from 'double' to 'GLfloat'
C:\Users\Wesley Roberts\Documents\Homework\CS - 330\FinalProject\OpenGLSample\OpenGLSample\assignment_6_5.cpp(1494,29): warning C4305: 'initializing': truncation from 'double' to 'GLfloat'
C:\Users\Wesley Roberts\Documents\Homework\CS - 330\FinalProject\OpenGLSample\OpenGLSample\assignment_6_5.cpp(1495,29): warning C4305: 'initializing': truncation from 'double' to 'GLfloat'
C:\Users\Wesley Roberts\Documents\Homework\CS - 330\FinalProject\OpenGLSample\OpenGLSample\assignment_6_5.cpp(1496,29): warning C4305: 'initializing': truncation from 'double' to 'GLfloat'
C:\Users\Wesley Roberts\Documents\Homework\CS - 330\FinalProject\OpenGLSample\OpenGLSample\assignment_6_5.cpp(1497,29): warning C4305: 'initializing': truncation from 'double' to 'GLfloat'
C:\Users\Wesley Roberts\Documents\Homework\CS - 330\FinalProject\OpenGLSample\OpenGLSample\assignment_6_5.cpp(1498,28): warning C4305: 'initializing': truncation from 'double' to 'GLfloat'
C:\Users\Wesley Roberts\Documents\Homework\CS - 330\FinalProject\OpenGLSample\OpenGLSample\assignment_6_5.cpp(1499,29): warning C4305: 'initializing': truncation from 'double' to 'GLfloat'
C:\Users\Wesley Roberts\Documents\Homework\CS - 330\FinalProject\OpenGLSample\OpenGLSample\assignment_6_5.cpp(1500,28): warning C4305: 'initializing': truncation from 'double' to 'GLfloat'
C:\Users\Wesley Roberts\Documents\Homework\CS - 330\FinalProject\OpenGLSample\OpenGLSample\assignment_6_5.cpp(1501,28): warning C4305: 'initializing': truncation from 'double' to 'GLfloat'
C:\Users\Wesley Roberts\Documents\Homework\CS - 330\FinalProject\OpenGLSample\OpenGLSample\assignment_6_5.cpp(1502,29): warning C4305: 'initializing': truncation from 'double' to 'GLfloat'
C:\Users\Wesley Roberts\Documents\Homework\CS - 330\FinalProject\OpenGLSample\OpenGLSample\assignment_6_5.cpp(1503,28): warning C4305: 'initializing': truncation from 'double' to 'GLfloat'
C:\Users\Wesley Roberts\Documents\Homework\CS - 330\FinalProject\OpenGLSample\OpenGLSample\assignment_6_5.cpp(1504,29): warning C4305: 'initializing': truncation from 'double' to 'GLfloat'
C:\Users\Wesley Roberts\Documents\Homework\CS - 330\FinalProject\OpenGLSample\OpenGLSample\assignment_6_5.cpp(1505,29): warning C4305: 'initializing': truncation from 'double' to 'GLfloat'
C:\Users\Wesley Roberts\Documents\Homework\CS - 330\FinalProject\OpenGLSample\OpenGLSample\assignment_6_5.cpp(1506,29): warning C4305: 'initializing': truncation from 'double' to 'GLfloat'
C:\Users\Wesley Roberts\Documents\Homework\CS - 330\FinalProject\OpenGLSample\OpenGLSample\assignment_6_5.cpp(1507,29): warning C4305: 'initializing': truncation from 'double' to 'GLfloat'
C:\Users\Wesley Roberts\Documents\Homework\CS - 330\FinalProject\OpenGLSample\OpenGLSample\assignment_6_5.cpp(1508,29): warning C4305: 'initializing': truncation from 'double' to 'GLfloat'
C:\Users\Wesley Roberts\Documents\Homework\CS - 330\FinalProject\OpenGLSample\OpenGLSample\assignment_6_5.cpp(1509,29): warning C4305: 'initializing': truncation from 'double' to 'GLfloat'
C:\Users\Wesley Roberts\Documents\Homework\CS - 330\FinalProject\OpenGLSample\OpenGLSample\assignment_6_5.cpp(1511,29): warning C4305: 'initializing': truncation from 'double' to 'GLfloat'
  shader.cpp
  Source.cpp
  glad.c
  Generating code
  401 of 415 functions (96.6%) were compiled, the rest were copied from previous compilation.
    6 functions were new in current compilation
    2 functions had inline decision re-evaluated but remain unchanged
  Finished generating code
  OpenGLSample.vcxproj -> C:\Users\Wesley Roberts\Documents\Homework\CS - 330\FinalProject\OpenGLSample\Release\OpenGLSample.exe
